[1/128] correct=True empty=False thinking=False pred=John travelled to the hallway.
[2/128] correct=False empty=False thinking=False pred=Miss Mary is on her perch, and later she flies to the table to speak
[3/128] correct=True empty=False thinking=False pred=Sandra journeyed to the kitchen.
[4/128] correct=True empty=False thinking=False pred=Sandra travelled to the hallway.
[5/128] correct=True empty=False thinking=False pred=Sandra journeyed to the kitchen.
[6/128] correct=False empty=False thinking=False pred=Sandra travelled to the kitchen.
[7/128] correct=False empty=False thinking=False pred=Sandra travelled to the kitchen.
[8/128] correct=True empty=False thinking=False pred=Daniel journeyed to the hallway.
[9/128] correct=False empty=False thinking=False pred=Sandra travelled to the kitchen.
[10/128] correct=True empty=False thinking=False pred=Daniel journeyed to the office.
[11/128] correct=True empty=False thinking=False pred=Mary journeyed to the kitchen.
[12/128] correct=True empty=False thinking=False pred=Mary moved to the garden.
[13/128] correct=True empty=False thinking=False pred=Daniel went to the office.
[14/128] correct=False empty=False thinking=False pred=Mary moved to the garden.
[15/128] correct=False empty=False thinking=False pred=Mary journeyed to the kitchen.
[16/128] correct=False empty=False thinking=False pred=John moved to the hallway.
[17/128] correct=False empty=False thinking=False pred=John is in the hallway.
[18/128] correct=False empty=False thinking=False pred=John is in the hallway, the kitchen, and the garden.
[19/128] correct=True empty=False thinking=False pred=Daniel journeyed to the office.
[20/128] correct=False empty=False thinking=False pred=John is in the hallway.
[21/128] correct=False empty=False thinking=False pred=Mary journeyed to the kitchen.
[22/128] correct=False empty=False thinking=False pred=The provided text does not contain information about a character named John, nor does it
[23/128] correct=False empty=False thinking=False pred=The provided text does not contain information about a character named John, nor does it
[24/128] correct=False empty=False thinking=False pred=Sandra moved to the office.
[25/128] correct=False empty=False thinking=False pred=Daniel moved to the bathroom.
[26/128] correct=True empty=False thinking=False pred=Sandra moved to the bedroom.
[27/128] correct=False empty=False thinking=False pred=Mary went back to the kitchen.
[28/128] correct=True empty=False thinking=False pred=Daniel is in the kitchen.
[29/128] correct=True empty=False thinking=False pred=Daniel travelled to the kitchen.
[30/128] correct=False empty=True thinking=False pred=
